<?xml version="1.0" encoding="UTF-8"?>
<!-- Generated by org.testng.reporters.JUnitXMLReporter -->
<testsuite hostname="LAPTOP-34TFF43U" ignored="0" name="Test" tests="3" failures="0" timestamp="17 Aug 2017 03:12:12 GMT" time="8.772" errors="0">
  <testcase name="TestCase1" time="8.672" classname="guru99bankpackage.Guru99TestCases"/>
  <testcase name="TestCase2" time="0.008" classname="guru99bankpackage.Guru99TestCases"/>
  <testcase name="f" time="0.005" classname="guru99bankpackage.Guru99TestCases"/>
</testsuite> <!-- Test -->
