<?xml version="1.0" encoding="UTF-8"?>
<testng-results skipped="0" failed="0" ignored="0" total="3" passed="3">
  <reporter-output>
  </reporter-output>
  <suite name="Default suite" duration-ms="8504" started-at="2017-09-04T14:25:20Z" finished-at="2017-09-04T14:25:29Z">
    <groups>
    </groups>
    <test name="Default test" duration-ms="8504" started-at="2017-09-04T14:25:20Z" finished-at="2017-09-04T14:25:29Z">
      <class name="guru99bankpackage.Guru99TestCases">
        <test-method status="PASS" signature="beforeTest()[pri:0, instance:guru99bankpackage.Guru99TestCases@7219ec67]" name="beforeTest" is-config="true" duration-ms="0" started-at="2017-09-04T09:25:20Z" finished-at="2017-09-04T09:25:20Z">
          <reporter-output>
          </reporter-output>
        </test-method> <!-- beforeTest -->
        <test-method status="PASS" signature="TestCase1()[pri:0, instance:guru99bankpackage.Guru99TestCases@7219ec67]" name="TestCase1" duration-ms="8472" started-at="2017-09-04T09:25:20Z" finished-at="2017-09-04T09:25:29Z">
          <reporter-output>
          </reporter-output>
        </test-method> <!-- TestCase1 -->
        <test-method status="PASS" signature="f()[pri:0, instance:guru99bankpackage.Guru99TestCases@7219ec67]" name="f" duration-ms="0" started-at="2017-09-04T09:25:29Z" finished-at="2017-09-04T09:25:29Z">
          <reporter-output>
          </reporter-output>
        </test-method> <!-- f -->
        <test-method status="PASS" signature="TestCase2()[pri:0, instance:guru99bankpackage.Guru99TestCases@7219ec67]" name="TestCase2" duration-ms="0" started-at="2017-09-04T09:25:29Z" finished-at="2017-09-04T09:25:29Z">
          <reporter-output>
          </reporter-output>
        </test-method> <!-- TestCase2 -->
        <test-method status="PASS" signature="afterTest()[pri:0, instance:guru99bankpackage.Guru99TestCases@7219ec67]" name="afterTest" is-config="true" duration-ms="0" started-at="2017-09-04T09:25:29Z" finished-at="2017-09-04T09:25:29Z">
          <reporter-output>
          </reporter-output>
        </test-method> <!-- afterTest -->
      </class> <!-- guru99bankpackage.Guru99TestCases -->
    </test> <!-- Default test -->
  </suite> <!-- Default suite -->
</testng-results>
