<?xml version="1.0" encoding="UTF-8"?>
<!-- Generated by org.testng.reporters.JUnitXMLReporter -->
<testsuite hostname="LAPTOP-34TFF43U" ignored="0" name="Default test" tests="3" failures="0" timestamp="26 Sep 2017 19:14:38 GMT" time="4.551" errors="0">
  <testcase name="TestCase1" time="4.51" classname="guru99bankpackage.Guru99TestCases"/>
  <testcase name="TestCase2" time="0.001" classname="guru99bankpackage.Guru99TestCases"/>
  <testcase name="f" time="0.001" classname="guru99bankpackage.Guru99TestCases"/>
</testsuite> <!-- Default test -->
