<?xml version="1.0" encoding="UTF-8"?>
<!-- Generated by org.testng.reporters.JUnitXMLReporter -->
<testsuite hostname="LAPTOP-34TFF43U" ignored="0" name="Default test" tests="3" failures="0" timestamp="04 Sep 2017 14:25:29 GMT" time="8.504" errors="0">
  <testcase name="TestCase1" time="8.472" classname="guru99bankpackage.Guru99TestCases"/>
  <testcase name="TestCase2" time="0.0" classname="guru99bankpackage.Guru99TestCases"/>
  <testcase name="f" time="0.0" classname="guru99bankpackage.Guru99TestCases"/>
</testsuite> <!-- Default test -->
